<?xml version="1.0" encoding="UTF-8"?>
<coverage generated="1714313912579" clover="3.2.0">
  <project timestamp="1714313912579" name="All files">
    <metrics statements="66" coveredstatements="59" conditionals="35" coveredconditionals="35" methods="15" coveredmethods="15" elements="116" coveredelements="109" complexity="0" loc="66" ncloc="66" packages="3" files="5" classes="5"/>
    <package name="src">
      <metrics statements="6" coveredstatements="6" conditionals="2" coveredconditionals="2" methods="1" coveredmethods="1"/>
      <file name="App.css" path="/Volumes/ALL/cours/ci-cd-ynov-group/react/src/App.css">
        <metrics statements="1" coveredstatements="1" conditionals="0" coveredconditionals="0" methods="0" coveredmethods="0"/>
        <line num="1" count="1" type="stmt"/>
      </file>
      <file name="module.js" path="/Volumes/ALL/cours/ci-cd-ynov-group/react/src/module.js">
        <metrics statements="5" coveredstatements="5" conditionals="2" coveredconditionals="2" methods="1" coveredmethods="1"/>
        <line num="8" count="2" type="cond" truecount="2" falsecount="0"/>
        <line num="9" count="1" type="stmt"/>
        <line num="11" count="1" type="stmt"/>
        <line num="12" count="1" type="stmt"/>
        <line num="13" count="1" type="stmt"/>
      </file>
    </package>
    <package name="src.components.Form">
      <metrics statements="43" coveredstatements="36" conditionals="24" coveredconditionals="24" methods="10" coveredmethods="10"/>
      <file name="Form.js" path="/Volumes/ALL/cours/ci-cd-ynov-group/react/src/components/Form/Form.js">
        <metrics statements="42" coveredstatements="35" conditionals="20" coveredconditionals="20" methods="9" coveredmethods="9"/>
        <line num="14" count="130" type="stmt"/>
        <line num="15" count="130" type="stmt"/>
        <line num="16" count="130" type="stmt"/>
        <line num="17" count="130" type="stmt"/>
        <line num="18" count="130" type="stmt"/>
        <line num="19" count="130" type="stmt"/>
        <line num="20" count="130" type="stmt"/>
        <line num="21" count="130" type="stmt"/>
        <line num="23" count="130" type="stmt"/>
        <line num="24" count="16" type="stmt"/>
        <line num="25" count="16" type="cond" truecount="2" falsecount="0"/>
        <line num="26" count="2" type="stmt"/>
        <line num="27" count="16" type="cond" truecount="2" falsecount="0"/>
        <line num="28" count="4" type="stmt"/>
        <line num="30" count="16" type="cond" truecount="2" falsecount="0"/>
        <line num="31" count="16" type="cond" truecount="2" falsecount="0"/>
        <line num="32" count="2" type="stmt"/>
        <line num="33" count="16" type="cond" truecount="2" falsecount="0"/>
        <line num="34" count="16" type="cond" truecount="2" falsecount="0"/>
        <line num="35" count="16" type="stmt"/>
        <line num="37" count="16" type="stmt"/>
        <line num="40" count="130" type="stmt"/>
        <line num="41" count="16" type="stmt"/>
        <line num="42" count="16" type="cond" truecount="2" falsecount="0"/>
        <line num="43" count="2" type="stmt"/>
        <line num="44" count="2" type="stmt"/>
        <line num="45" count="0" type="stmt"/>
        <line num="46" count="0" type="stmt"/>
        <line num="47" count="0" type="stmt"/>
        <line num="48" count="0" type="stmt"/>
        <line num="49" count="0" type="stmt"/>
        <line num="50" count="0" type="stmt"/>
        <line num="51" count="0" type="stmt"/>
        <line num="53" count="14" type="stmt"/>
        <line num="57" count="130" type="cond" truecount="6" falsecount="0"/>
        <line num="59" count="130" type="stmt"/>
        <line num="86" count="16" type="stmt"/>
        <line num="94" count="16" type="stmt"/>
        <line num="101" count="16" type="stmt"/>
        <line num="108" count="16" type="stmt"/>
        <line num="115" count="16" type="stmt"/>
        <line num="122" count="16" type="stmt"/>
      </file>
      <file name="TextField.js" path="/Volumes/ALL/cours/ci-cd-ynov-group/react/src/components/Form/TextField.js">
        <metrics statements="1" coveredstatements="1" conditionals="4" coveredconditionals="4" methods="1" coveredmethods="1"/>
        <line num="4" count="794" type="stmt"/>
      </file>
    </package>
    <package name="src.components.Form.utils">
      <metrics statements="17" coveredstatements="17" conditionals="9" coveredconditionals="9" methods="4" coveredmethods="4"/>
      <file name="validator.js" path="/Volumes/ALL/cours/ci-cd-ynov-group/react/src/components/Form/utils/validator.js">
        <metrics statements="17" coveredstatements="17" conditionals="9" coveredconditionals="9" methods="4" coveredmethods="4"/>
        <line num="8" count="22" type="stmt"/>
        <line num="9" count="22" type="cond" truecount="2" falsecount="0"/>
        <line num="10" count="2" type="stmt"/>
        <line num="13" count="20" type="stmt"/>
        <line num="14" count="20" type="stmt"/>
        <line num="15" count="20" type="stmt"/>
        <line num="17" count="20" type="cond" truecount="2" falsecount="0"/>
        <line num="21" count="16" type="stmt"/>
        <line num="24" count="20" type="cond" truecount="2" falsecount="0"/>
        <line num="25" count="16" type="stmt"/>
        <line num="27" count="4" type="stmt"/>
        <line num="38" count="32" type="stmt"/>
        <line num="39" count="32" type="stmt"/>
        <line num="50" count="68" type="stmt"/>
        <line num="51" count="68" type="stmt"/>
        <line num="61" count="46" type="stmt"/>
        <line num="62" count="46" type="stmt"/>
      </file>
    </package>
  </project>
</coverage>
