{"/Volumes/ALL/cours/ci-cd-ynov-group/react/src/App.css": {"path":"/Volumes/ALL/cours/ci-cd-ynov-group/react/src/App.css","statementMap":{"0":{"start":{"line":1,"column":0},"end":{"line":1,"column":20}}},"fnMap":{},"branchMap":{},"s":{"0":1},"f":{},"b":{},"inputSourceMap":null,"_coverageSchema":"1a1c01bbd47fc00a2c39e90264f33305004495a9","hash":"2ba9c7c1a3240bd7a48a116c22460d57990d8f62"}
,"/Volumes/ALL/cours/ci-cd-ynov-group/react/src/module.js": {"path":"/Volumes/ALL/cours/ci-cd-ynov-group/react/src/module.js","statementMap":{"0":{"start":{"line":8,"column":4},"end":{"line":10,"column":5}},"1":{"start":{"line":9,"column":8},"end":{"line":9,"column":42}},"2":{"start":{"line":11,"column":19},"end":{"line":11,"column":59}},"3":{"start":{"line":12,"column":14},"end":{"line":12,"column":56}},"4":{"start":{"line":13,"column":4},"end":{"line":13,"column":15}}},"fnMap":{"0":{"name":"calculateAge","decl":{"start":{"line":7,"column":16},"end":{"line":7,"column":28}},"loc":{"start":{"line":7,"column":32},"end":{"line":14,"column":1}},"line":7}},"branchMap":{"0":{"loc":{"start":{"line":8,"column":4},"end":{"line":10,"column":5}},"type":"if","locations":[{"start":{"line":8,"column":4},"end":{"line":10,"column":5}},{"start":{},"end":{}}],"line":8}},"s":{"0":2,"1":1,"2":1,"3":1,"4":1},"f":{"0":2},"b":{"0":[1,1]},"_coverageSchema":"1a1c01bbd47fc00a2c39e90264f33305004495a9","hash":"9c5ec14bb446038916cd31b23a39183f4302b1fc"}
,"/Volumes/ALL/cours/ci-cd-ynov-group/react/src/components/Form/Form.js": {"path":"/Volumes/ALL/cours/ci-cd-ynov-group/react/src/components/Form/Form.js","statementMap":{"0":{"start":{"line":14,"column":22},"end":{"line":14,"column":52}},"1":{"start":{"line":15,"column":26},"end":{"line":15,"column":44}},"2":{"start":{"line":16,"column":32},"end":{"line":16,"column":50}},"3":{"start":{"line":17,"column":26},"end":{"line":17,"column":44}},"4":{"start":{"line":18,"column":36},"end":{"line":18,"column":54}},"5":{"start":{"line":19,"column":26},"end":{"line":19,"column":44}},"6":{"start":{"line":20,"column":38},"end":{"line":20,"column":56}},"7":{"start":{"line":21,"column":30},"end":{"line":21,"column":48}},"8":{"start":{"line":23,"column":24},"end":{"line":38,"column":3}},"9":{"start":{"line":24,"column":22},"end":{"line":24,"column":24}},"10":{"start":{"line":25,"column":4},"end":{"line":26,"column":64}},"11":{"start":{"line":26,"column":6},"end":{"line":26,"column":64}},"12":{"start":{"line":27,"column":4},"end":{"line":29,"column":68}},"13":{"start":{"line":28,"column":6},"end":{"line":29,"column":68}},"14":{"start":{"line":30,"column":4},"end":{"line":30,"column":73}},"15":{"start":{"line":30,"column":29},"end":{"line":30,"column":73}},"16":{"start":{"line":31,"column":4},"end":{"line":32,"column":56}},"17":{"start":{"line":32,"column":6},"end":{"line":32,"column":56}},"18":{"start":{"line":33,"column":4},"end":{"line":33,"column":74}},"19":{"start":{"line":33,"column":29},"end":{"line":33,"column":74}},"20":{"start":{"line":34,"column":4},"end":{"line":34,"column":75}},"21":{"start":{"line":34,"column":29},"end":{"line":34,"column":75}},"22":{"start":{"line":35,"column":4},"end":{"line":35,"column":25}},"23":{"start":{"line":37,"column":4},"end":{"line":37,"column":47}},"24":{"start":{"line":40,"column":23},"end":{"line":55,"column":3}},"25":{"start":{"line":41,"column":4},"end":{"line":41,"column":23}},"26":{"start":{"line":42,"column":4},"end":{"line":54,"column":5}},"27":{"start":{"line":43,"column":6},"end":{"line":43,"column":59}},"28":{"start":{"line":44,"column":6},"end":{"line":44,"column":64}},"29":{"start":{"line":45,"column":6},"end":{"line":45,"column":18}},"30":{"start":{"line":46,"column":6},"end":{"line":46,"column":21}},"31":{"start":{"line":47,"column":6},"end":{"line":47,"column":18}},"32":{"start":{"line":48,"column":6},"end":{"line":48,"column":23}},"33":{"start":{"line":49,"column":6},"end":{"line":49,"column":18}},"34":{"start":{"line":50,"column":6},"end":{"line":50,"column":24}},"35":{"start":{"line":51,"column":6},"end":{"line":51,"column":20}},"36":{"start":{"line":53,"column":6},"end":{"line":53,"column":68}},"37":{"start":{"line":57,"column":4},"end":{"line":57,"column":62}},"38":{"start":{"line":59,"column":2},"end":{"line":133,"column":4}},"39":{"start":{"line":86,"column":29},"end":{"line":86,"column":57}},"40":{"start":{"line":94,"column":29},"end":{"line":94,"column":52}},"41":{"start":{"line":101,"column":29},"end":{"line":101,"column":52}},"42":{"start":{"line":108,"column":29},"end":{"line":108,"column":55}},"43":{"start":{"line":115,"column":29},"end":{"line":115,"column":52}},"44":{"start":{"line":122,"column":29},"end":{"line":122,"column":58}}},"fnMap":{"0":{"name":"Form","decl":{"start":{"line":13,"column":9},"end":{"line":13,"column":13}},"loc":{"start":{"line":13,"column":16},"end":{"line":134,"column":1}},"line":13},"1":{"name":"(anonymous_1)","decl":{"start":{"line":23,"column":24},"end":{"line":23,"column":25}},"loc":{"start":{"line":23,"column":30},"end":{"line":38,"column":3}},"line":23},"2":{"name":"(anonymous_2)","decl":{"start":{"line":40,"column":23},"end":{"line":40,"column":24}},"loc":{"start":{"line":40,"column":30},"end":{"line":55,"column":3}},"line":40},"3":{"name":"(anonymous_3)","decl":{"start":{"line":86,"column":22},"end":{"line":86,"column":23}},"loc":{"start":{"line":86,"column":29},"end":{"line":86,"column":57}},"line":86},"4":{"name":"(anonymous_4)","decl":{"start":{"line":94,"column":22},"end":{"line":94,"column":23}},"loc":{"start":{"line":94,"column":29},"end":{"line":94,"column":52}},"line":94},"5":{"name":"(anonymous_5)","decl":{"start":{"line":101,"column":22},"end":{"line":101,"column":23}},"loc":{"start":{"line":101,"column":29},"end":{"line":101,"column":52}},"line":101},"6":{"name":"(anonymous_6)","decl":{"start":{"line":108,"column":22},"end":{"line":108,"column":23}},"loc":{"start":{"line":108,"column":29},"end":{"line":108,"column":55}},"line":108},"7":{"name":"(anonymous_7)","decl":{"start":{"line":115,"column":22},"end":{"line":115,"column":23}},"loc":{"start":{"line":115,"column":29},"end":{"line":115,"column":52}},"line":115},"8":{"name":"(anonymous_8)","decl":{"start":{"line":122,"column":22},"end":{"line":122,"column":23}},"loc":{"start":{"line":122,"column":29},"end":{"line":122,"column":58}},"line":122}},"branchMap":{"0":{"loc":{"start":{"line":25,"column":4},"end":{"line":26,"column":64}},"type":"if","locations":[{"start":{"line":25,"column":4},"end":{"line":26,"column":64}},{"start":{},"end":{}}],"line":25},"1":{"loc":{"start":{"line":27,"column":4},"end":{"line":29,"column":68}},"type":"if","locations":[{"start":{"line":27,"column":4},"end":{"line":29,"column":68}},{"start":{},"end":{}}],"line":27},"2":{"loc":{"start":{"line":30,"column":4},"end":{"line":30,"column":73}},"type":"if","locations":[{"start":{"line":30,"column":4},"end":{"line":30,"column":73}},{"start":{},"end":{}}],"line":30},"3":{"loc":{"start":{"line":31,"column":4},"end":{"line":32,"column":56}},"type":"if","locations":[{"start":{"line":31,"column":4},"end":{"line":32,"column":56}},{"start":{},"end":{}}],"line":31},"4":{"loc":{"start":{"line":33,"column":4},"end":{"line":33,"column":74}},"type":"if","locations":[{"start":{"line":33,"column":4},"end":{"line":33,"column":74}},{"start":{},"end":{}}],"line":33},"5":{"loc":{"start":{"line":34,"column":4},"end":{"line":34,"column":75}},"type":"if","locations":[{"start":{"line":34,"column":4},"end":{"line":34,"column":75}},{"start":{},"end":{}}],"line":34},"6":{"loc":{"start":{"line":42,"column":4},"end":{"line":54,"column":5}},"type":"if","locations":[{"start":{"line":42,"column":4},"end":{"line":54,"column":5}},{"start":{"line":52,"column":11},"end":{"line":54,"column":5}}],"line":42},"7":{"loc":{"start":{"line":57,"column":4},"end":{"line":57,"column":62}},"type":"binary-expr","locations":[{"start":{"line":57,"column":4},"end":{"line":57,"column":8}},{"start":{"line":57,"column":12},"end":{"line":57,"column":19}},{"start":{"line":57,"column":23},"end":{"line":57,"column":27}},{"start":{"line":57,"column":31},"end":{"line":57,"column":40}},{"start":{"line":57,"column":44},"end":{"line":57,"column":48}},{"start":{"line":57,"column":52},"end":{"line":57,"column":62}}],"line":57}},"s":{"0":130,"1":130,"2":130,"3":130,"4":130,"5":130,"6":130,"7":130,"8":130,"9":16,"10":16,"11":2,"12":16,"13":4,"14":16,"15":2,"16":16,"17":2,"18":16,"19":2,"20":16,"21":2,"22":16,"23":16,"24":130,"25":16,"26":16,"27":2,"28":2,"29":0,"30":0,"31":0,"32":0,"33":0,"34":0,"35":0,"36":14,"37":130,"38":130,"39":16,"40":16,"41":16,"42":16,"43":16,"44":16},"f":{"0":130,"1":16,"2":16,"3":16,"4":16,"5":16,"6":16,"7":16,"8":16},"b":{"0":[2,14],"1":[4,12],"2":[2,14],"3":[2,14],"4":[2,14],"5":[2,14],"6":[2,14],"7":[130,112,96,80,64,48]},"_coverageSchema":"1a1c01bbd47fc00a2c39e90264f33305004495a9","hash":"0cb9dea23d4b3ea72914ea4bdbca54c984751576"}
,"/Volumes/ALL/cours/ci-cd-ynov-group/react/src/components/Form/TextField.js": {"path":"/Volumes/ALL/cours/ci-cd-ynov-group/react/src/components/Form/TextField.js","statementMap":{"0":{"start":{"line":4,"column":2},"end":{"line":26,"column":4}}},"fnMap":{"0":{"name":"TextField","decl":{"start":{"line":3,"column":9},"end":{"line":3,"column":18}},"loc":{"start":{"line":3,"column":71},"end":{"line":27,"column":1}},"line":3}},"branchMap":{"0":{"loc":{"start":{"line":9,"column":14},"end":{"line":9,"column":28}},"type":"binary-expr","locations":[{"start":{"line":9,"column":14},"end":{"line":9,"column":18}},{"start":{"line":9,"column":22},"end":{"line":9,"column":28}}],"line":9},"1":{"loc":{"start":{"line":24,"column":7},"end":{"line":24,"column":55}},"type":"binary-expr","locations":[{"start":{"line":24,"column":7},"end":{"line":24,"column":12}},{"start":{"line":24,"column":16},"end":{"line":24,"column":55}}],"line":24}},"s":{"0":794},"f":{"0":794},"b":{"0":[794,662],"1":[794,16]},"_coverageSchema":"1a1c01bbd47fc00a2c39e90264f33305004495a9","hash":"12b7c831d50509869191f13ae8faad6a1ba7326f"}
,"/Volumes/ALL/cours/ci-cd-ynov-group/react/src/components/Form/utils/validator.js": {"path":"/Volumes/ALL/cours/ci-cd-ynov-group/react/src/components/Form/utils/validator.js","statementMap":{"0":{"start":{"line":8,"column":18},"end":{"line":8,"column":32}},"1":{"start":{"line":9,"column":2},"end":{"line":11,"column":3}},"2":{"start":{"line":10,"column":4},"end":{"line":10,"column":17}},"3":{"start":{"line":13,"column":16},"end":{"line":13,"column":26}},"4":{"start":{"line":14,"column":12},"end":{"line":14,"column":55}},"5":{"start":{"line":15,"column":20},"end":{"line":15,"column":57}},"6":{"start":{"line":17,"column":2},"end":{"line":22,"column":3}},"7":{"start":{"line":21,"column":4},"end":{"line":21,"column":10}},"8":{"start":{"line":24,"column":2},"end":{"line":28,"column":3}},"9":{"start":{"line":25,"column":4},"end":{"line":25,"column":16}},"10":{"start":{"line":27,"column":4},"end":{"line":27,"column":17}},"11":{"start":{"line":38,"column":26},"end":{"line":38,"column":38}},"12":{"start":{"line":39,"column":2},"end":{"line":39,"column":42}},"13":{"start":{"line":50,"column":4},"end":{"line":50,"column":105}},"14":{"start":{"line":51,"column":2},"end":{"line":51,"column":32}},"15":{"start":{"line":61,"column":20},"end":{"line":61,"column":53}},"16":{"start":{"line":62,"column":2},"end":{"line":62,"column":31}}},"fnMap":{"0":{"name":"validateAndCheckAge","decl":{"start":{"line":7,"column":16},"end":{"line":7,"column":35}},"loc":{"start":{"line":7,"column":42},"end":{"line":29,"column":1}},"line":7},"1":{"name":"validatePostalCode","decl":{"start":{"line":37,"column":16},"end":{"line":37,"column":34}},"loc":{"start":{"line":37,"column":47},"end":{"line":40,"column":1}},"line":37},"2":{"name":"validateName","decl":{"start":{"line":48,"column":16},"end":{"line":48,"column":28}},"loc":{"start":{"line":48,"column":37},"end":{"line":52,"column":1}},"line":48},"3":{"name":"validateMail","decl":{"start":{"line":60,"column":16},"end":{"line":60,"column":28}},"loc":{"start":{"line":60,"column":36},"end":{"line":63,"column":1}},"line":60}},"branchMap":{"0":{"loc":{"start":{"line":9,"column":2},"end":{"line":11,"column":3}},"type":"if","locations":[{"start":{"line":9,"column":2},"end":{"line":11,"column":3}},{"start":{},"end":{}}],"line":9},"1":{"loc":{"start":{"line":17,"column":2},"end":{"line":22,"column":3}},"type":"if","locations":[{"start":{"line":17,"column":2},"end":{"line":22,"column":3}},{"start":{},"end":{}}],"line":17},"2":{"loc":{"start":{"line":18,"column":4},"end":{"line":19,"column":60}},"type":"binary-expr","locations":[{"start":{"line":18,"column":4},"end":{"line":18,"column":17}},{"start":{"line":19,"column":5},"end":{"line":19,"column":20}},{"start":{"line":19,"column":24},"end":{"line":19,"column":59}}],"line":18},"3":{"loc":{"start":{"line":24,"column":2},"end":{"line":28,"column":3}},"type":"if","locations":[{"start":{"line":24,"column":2},"end":{"line":28,"column":3}},{"start":{"line":26,"column":9},"end":{"line":28,"column":3}}],"line":24}},"s":{"0":22,"1":22,"2":2,"3":20,"4":20,"5":20,"6":20,"7":16,"8":20,"9":16,"10":4,"11":32,"12":32,"13":68,"14":68,"15":46,"16":46},"f":{"0":22,"1":32,"2":68,"3":46},"b":{"0":[2,20],"1":[16,4],"2":[20,4,4],"3":[16,4]},"_coverageSchema":"1a1c01bbd47fc00a2c39e90264f33305004495a9","hash":"0d48539fd7fad9708481bbd507220863aad2d06a"}
}
