TN:
SF:src/App.css
FNF:0
FNH:0
DA:1,1
LF:1
LH:1
BRF:0
BRH:0
end_of_record
TN:
SF:src/module.js
FN:7,calculateAge
FNF:1
FNH:1
FNDA:2,calculateAge
DA:8,2
DA:9,1
DA:11,1
DA:12,1
DA:13,1
LF:5
LH:5
BRDA:8,0,0,1
BRDA:8,0,1,1
BRF:2
BRH:2
end_of_record
TN:
SF:src/components/Form/Form.js
FN:13,Form
FN:23,(anonymous_1)
FN:40,(anonymous_2)
FN:86,(anonymous_3)
FN:94,(anonymous_4)
FN:101,(anonymous_5)
FN:108,(anonymous_6)
FN:115,(anonymous_7)
FN:122,(anonymous_8)
FNF:9
FNH:9
FNDA:130,Form
FNDA:16,(anonymous_1)
FNDA:16,(anonymous_2)
FNDA:16,(anonymous_3)
FNDA:16,(anonymous_4)
FNDA:16,(anonymous_5)
FNDA:16,(anonymous_6)
FNDA:16,(anonymous_7)
FNDA:16,(anonymous_8)
DA:14,130
DA:15,130
DA:16,130
DA:17,130
DA:18,130
DA:19,130
DA:20,130
DA:21,130
DA:23,130
DA:24,16
DA:25,16
DA:26,2
DA:27,16
DA:28,4
DA:30,16
DA:31,16
DA:32,2
DA:33,16
DA:34,16
DA:35,16
DA:37,16
DA:40,130
DA:41,16
DA:42,16
DA:43,2
DA:44,2
DA:45,0
DA:46,0
DA:47,0
DA:48,0
DA:49,0
DA:50,0
DA:51,0
DA:53,14
DA:57,130
DA:59,130
DA:86,16
DA:94,16
DA:101,16
DA:108,16
DA:115,16
DA:122,16
LF:42
LH:35
BRDA:25,0,0,2
BRDA:25,0,1,14
BRDA:27,1,0,4
BRDA:27,1,1,12
BRDA:30,2,0,2
BRDA:30,2,1,14
BRDA:31,3,0,2
BRDA:31,3,1,14
BRDA:33,4,0,2
BRDA:33,4,1,14
BRDA:34,5,0,2
BRDA:34,5,1,14
BRDA:42,6,0,2
BRDA:42,6,1,14
BRDA:57,7,0,130
BRDA:57,7,1,112
BRDA:57,7,2,96
BRDA:57,7,3,80
BRDA:57,7,4,64
BRDA:57,7,5,48
BRF:20
BRH:20
end_of_record
TN:
SF:src/components/Form/TextField.js
FN:3,TextField
FNF:1
FNH:1
FNDA:794,TextField
DA:4,794
LF:1
LH:1
BRDA:9,0,0,794
BRDA:9,0,1,662
BRDA:24,1,0,794
BRDA:24,1,1,16
BRF:4
BRH:4
end_of_record
TN:
SF:src/components/Form/utils/validator.js
FN:7,validateAndCheckAge
FN:37,validatePostalCode
FN:48,validateName
FN:60,validateMail
FNF:4
FNH:4
FNDA:22,validateAndCheckAge
FNDA:32,validatePostalCode
FNDA:68,validateName
FNDA:46,validateMail
DA:8,22
DA:9,22
DA:10,2
DA:13,20
DA:14,20
DA:15,20
DA:17,20
DA:21,16
DA:24,20
DA:25,16
DA:27,4
DA:38,32
DA:39,32
DA:50,68
DA:51,68
DA:61,46
DA:62,46
LF:17
LH:17
BRDA:9,0,0,2
BRDA:9,0,1,20
BRDA:17,1,0,16
BRDA:17,1,1,4
BRDA:18,2,0,20
BRDA:18,2,1,4
BRDA:18,2,2,4
BRDA:24,3,0,16
BRDA:24,3,1,4
BRF:9
BRH:9
end_of_record
