<?xml version="1.0" encoding="UTF-8"?>
<coverage generated="1707684974614" clover="3.2.0">
  <project timestamp="1707684974614" name="All files">
    <metrics statements="81" coveredstatements="70" conditionals="39" coveredconditionals="35" methods="19" coveredmethods="17" elements="139" coveredelements="122" complexity="0" loc="81" ncloc="81" packages="3" files="7" classes="7"/>
    <package name="src">
      <metrics statements="20" coveredstatements="9" conditionals="6" coveredconditionals="2" methods="5" coveredmethods="3"/>
      <file name="App.js" path="/Volumes/ALL/projects/Cours/integration-continue/TP1/src/App.js">
        <metrics statements="4" coveredstatements="4" conditionals="0" coveredconditionals="0" methods="2" coveredmethods="2"/>
        <line num="6" count="4" type="stmt"/>
        <line num="7" count="4" type="stmt"/>
        <line num="8" count="1" type="stmt"/>
        <line num="10" count="4" type="stmt"/>
      </file>
      <file name="index.js" path="/Volumes/ALL/projects/Cours/integration-continue/TP1/src/index.js">
        <metrics statements="3" coveredstatements="0" conditionals="0" coveredconditionals="0" methods="0" coveredmethods="0"/>
        <line num="7" count="0" type="stmt"/>
        <line num="8" count="0" type="stmt"/>
        <line num="17" count="0" type="stmt"/>
      </file>
      <file name="module.js" path="/Volumes/ALL/projects/Cours/integration-continue/TP1/src/module.js">
        <metrics statements="5" coveredstatements="5" conditionals="2" coveredconditionals="2" methods="1" coveredmethods="1"/>
        <line num="8" count="2" type="cond" truecount="2" falsecount="0"/>
        <line num="9" count="1" type="stmt"/>
        <line num="11" count="1" type="stmt"/>
        <line num="12" count="1" type="stmt"/>
        <line num="13" count="1" type="stmt"/>
      </file>
      <file name="reportWebVitals.js" path="/Volumes/ALL/projects/Cours/integration-continue/TP1/src/reportWebVitals.js">
        <metrics statements="8" coveredstatements="0" conditionals="4" coveredconditionals="0" methods="2" coveredmethods="0"/>
        <line num="1" count="0" type="stmt"/>
        <line num="2" count="0" type="cond" truecount="0" falsecount="4"/>
        <line num="3" count="0" type="stmt"/>
        <line num="4" count="0" type="stmt"/>
        <line num="5" count="0" type="stmt"/>
        <line num="6" count="0" type="stmt"/>
        <line num="7" count="0" type="stmt"/>
        <line num="8" count="0" type="stmt"/>
      </file>
    </package>
    <package name="src.components.Form">
      <metrics statements="43" coveredstatements="43" conditionals="24" coveredconditionals="24" methods="10" coveredmethods="10"/>
      <file name="Form.js" path="/Volumes/ALL/projects/Cours/integration-continue/TP1/src/components/Form/Form.js">
        <metrics statements="42" coveredstatements="42" conditionals="20" coveredconditionals="20" methods="9" coveredmethods="9"/>
        <line num="13" count="65" type="stmt"/>
        <line num="14" count="65" type="stmt"/>
        <line num="15" count="65" type="stmt"/>
        <line num="16" count="65" type="stmt"/>
        <line num="17" count="65" type="stmt"/>
        <line num="18" count="65" type="stmt"/>
        <line num="19" count="65" type="stmt"/>
        <line num="21" count="65" type="stmt"/>
        <line num="22" count="8" type="stmt"/>
        <line num="23" count="8" type="cond" truecount="2" falsecount="0"/>
        <line num="24" count="1" type="stmt"/>
        <line num="25" count="8" type="cond" truecount="2" falsecount="0"/>
        <line num="26" count="2" type="stmt"/>
        <line num="28" count="8" type="cond" truecount="2" falsecount="0"/>
        <line num="29" count="8" type="cond" truecount="2" falsecount="0"/>
        <line num="30" count="1" type="stmt"/>
        <line num="31" count="8" type="cond" truecount="2" falsecount="0"/>
        <line num="32" count="8" type="cond" truecount="2" falsecount="0"/>
        <line num="33" count="8" type="stmt"/>
        <line num="35" count="8" type="stmt"/>
        <line num="38" count="65" type="stmt"/>
        <line num="39" count="8" type="stmt"/>
        <line num="40" count="8" type="cond" truecount="2" falsecount="0"/>
        <line num="41" count="1" type="stmt"/>
        <line num="42" count="1" type="stmt"/>
        <line num="44" count="1" type="stmt"/>
        <line num="46" count="1" type="stmt"/>
        <line num="47" count="1" type="stmt"/>
        <line num="48" count="1" type="stmt"/>
        <line num="49" count="1" type="stmt"/>
        <line num="50" count="1" type="stmt"/>
        <line num="51" count="1" type="stmt"/>
        <line num="52" count="1" type="stmt"/>
        <line num="54" count="7" type="stmt"/>
        <line num="59" count="65" type="cond" truecount="6" falsecount="0"/>
        <line num="61" count="65" type="stmt"/>
        <line num="88" count="8" type="stmt"/>
        <line num="96" count="8" type="stmt"/>
        <line num="103" count="8" type="stmt"/>
        <line num="110" count="8" type="stmt"/>
        <line num="117" count="8" type="stmt"/>
        <line num="124" count="8" type="stmt"/>
      </file>
      <file name="TextField.js" path="/Volumes/ALL/projects/Cours/integration-continue/TP1/src/components/Form/TextField.js">
        <metrics statements="1" coveredstatements="1" conditionals="4" coveredconditionals="4" methods="1" coveredmethods="1"/>
        <line num="4" count="390" type="stmt"/>
      </file>
    </package>
    <package name="src.components.Form.utils">
      <metrics statements="18" coveredstatements="18" conditionals="9" coveredconditionals="9" methods="4" coveredmethods="4"/>
      <file name="validator.js" path="/Volumes/ALL/projects/Cours/integration-continue/TP1/src/components/Form/utils/validator.js">
        <metrics statements="18" coveredstatements="18" conditionals="9" coveredconditionals="9" methods="4" coveredmethods="4"/>
        <line num="7" count="2" type="stmt"/>
        <line num="8" count="11" type="stmt"/>
        <line num="9" count="11" type="cond" truecount="2" falsecount="0"/>
        <line num="10" count="1" type="stmt"/>
        <line num="13" count="10" type="stmt"/>
        <line num="14" count="10" type="stmt"/>
        <line num="15" count="10" type="stmt"/>
        <line num="17" count="10" type="cond" truecount="2" falsecount="0"/>
        <line num="21" count="8" type="stmt"/>
        <line num="24" count="10" type="cond" truecount="2" falsecount="0"/>
        <line num="25" count="8" type="stmt"/>
        <line num="27" count="2" type="stmt"/>
        <line num="38" count="15" type="stmt"/>
        <line num="39" count="15" type="stmt"/>
        <line num="50" count="30" type="stmt"/>
        <line num="51" count="30" type="stmt"/>
        <line num="55" count="20" type="stmt"/>
        <line num="56" count="20" type="stmt"/>
      </file>
    </package>
  </project>
</coverage>
