{"/Volumes/ALL/projects/Cours/integration-continue/TP1/src/App.js": {"path":"/Volumes/ALL/projects/Cours/integration-continue/TP1/src/App.js","statementMap":{"0":{"start":{"line":6,"column":26},"end":{"line":6,"column":37}},"1":{"start":{"line":7,"column":20},"end":{"line":9,"column":3}},"2":{"start":{"line":8,"column":4},"end":{"line":8,"column":22}},"3":{"start":{"line":10,"column":2},"end":{"line":29,"column":4}}},"fnMap":{"0":{"name":"App","decl":{"start":{"line":5,"column":9},"end":{"line":5,"column":12}},"loc":{"start":{"line":5,"column":15},"end":{"line":30,"column":1}},"line":5},"1":{"name":"(anonymous_1)","decl":{"start":{"line":7,"column":20},"end":{"line":7,"column":21}},"loc":{"start":{"line":7,"column":26},"end":{"line":9,"column":3}},"line":7}},"branchMap":{},"s":{"0":4,"1":4,"2":1,"3":4},"f":{"0":4,"1":1},"b":{},"_coverageSchema":"1a1c01bbd47fc00a2c39e90264f33305004495a9","hash":"c2de48eaafbc411bbab07b686fa2446b9d703754"}
,"/Volumes/ALL/projects/Cours/integration-continue/TP1/src/index.js": {"path":"/Volumes/ALL/projects/Cours/integration-continue/TP1/src/index.js","statementMap":{"0":{"start":{"line":7,"column":13},"end":{"line":7,"column":65}},"1":{"start":{"line":8,"column":0},"end":{"line":12,"column":2}},"2":{"start":{"line":17,"column":0},"end":{"line":17,"column":18}}},"fnMap":{},"branchMap":{},"s":{"0":0,"1":0,"2":0},"f":{},"b":{}}
,"/Volumes/ALL/projects/Cours/integration-continue/TP1/src/module.js": {"path":"/Volumes/ALL/projects/Cours/integration-continue/TP1/src/module.js","statementMap":{"0":{"start":{"line":8,"column":4},"end":{"line":10,"column":5}},"1":{"start":{"line":9,"column":8},"end":{"line":9,"column":42}},"2":{"start":{"line":11,"column":19},"end":{"line":11,"column":59}},"3":{"start":{"line":12,"column":14},"end":{"line":12,"column":56}},"4":{"start":{"line":13,"column":4},"end":{"line":13,"column":15}}},"fnMap":{"0":{"name":"calculateAge","decl":{"start":{"line":7,"column":16},"end":{"line":7,"column":28}},"loc":{"start":{"line":7,"column":32},"end":{"line":14,"column":1}},"line":7}},"branchMap":{"0":{"loc":{"start":{"line":8,"column":4},"end":{"line":10,"column":5}},"type":"if","locations":[{"start":{"line":8,"column":4},"end":{"line":10,"column":5}},{"start":{},"end":{}}],"line":8}},"s":{"0":2,"1":1,"2":1,"3":1,"4":1},"f":{"0":2},"b":{"0":[1,1]},"_coverageSchema":"1a1c01bbd47fc00a2c39e90264f33305004495a9","hash":"eea6927536a835af1e5635a736d293f548ac5d8c"}
,"/Volumes/ALL/projects/Cours/integration-continue/TP1/src/reportWebVitals.js": {"path":"/Volumes/ALL/projects/Cours/integration-continue/TP1/src/reportWebVitals.js","statementMap":{"0":{"start":{"line":1,"column":24},"end":{"line":11,"column":1}},"1":{"start":{"line":2,"column":2},"end":{"line":10,"column":3}},"2":{"start":{"line":3,"column":4},"end":{"line":9,"column":7}},"3":{"start":{"line":4,"column":6},"end":{"line":4,"column":26}},"4":{"start":{"line":5,"column":6},"end":{"line":5,"column":26}},"5":{"start":{"line":6,"column":6},"end":{"line":6,"column":26}},"6":{"start":{"line":7,"column":6},"end":{"line":7,"column":26}},"7":{"start":{"line":8,"column":6},"end":{"line":8,"column":27}}},"fnMap":{"0":{"name":"(anonymous_0)","decl":{"start":{"line":1,"column":24},"end":{"line":1,"column":25}},"loc":{"start":{"line":1,"column":39},"end":{"line":11,"column":1}},"line":1},"1":{"name":"(anonymous_1)","decl":{"start":{"line":3,"column":30},"end":{"line":3,"column":31}},"loc":{"start":{"line":3,"column":79},"end":{"line":9,"column":5}},"line":3}},"branchMap":{"0":{"loc":{"start":{"line":2,"column":2},"end":{"line":10,"column":3}},"type":"if","locations":[{"start":{"line":2,"column":2},"end":{"line":10,"column":3}},{"start":{},"end":{}}],"line":2},"1":{"loc":{"start":{"line":2,"column":6},"end":{"line":2,"column":52}},"type":"binary-expr","locations":[{"start":{"line":2,"column":6},"end":{"line":2,"column":17}},{"start":{"line":2,"column":21},"end":{"line":2,"column":52}}],"line":2}},"s":{"0":0,"1":0,"2":0,"3":0,"4":0,"5":0,"6":0,"7":0},"f":{"0":0,"1":0},"b":{"0":[0,0],"1":[0,0]}}
,"/Volumes/ALL/projects/Cours/integration-continue/TP1/src/components/Form/Form.js": {"path":"/Volumes/ALL/projects/Cours/integration-continue/TP1/src/components/Form/Form.js","statementMap":{"0":{"start":{"line":13,"column":26},"end":{"line":13,"column":44}},"1":{"start":{"line":14,"column":32},"end":{"line":14,"column":50}},"2":{"start":{"line":15,"column":26},"end":{"line":15,"column":44}},"3":{"start":{"line":16,"column":36},"end":{"line":16,"column":54}},"4":{"start":{"line":17,"column":26},"end":{"line":17,"column":44}},"5":{"start":{"line":18,"column":38},"end":{"line":18,"column":56}},"6":{"start":{"line":19,"column":30},"end":{"line":19,"column":48}},"7":{"start":{"line":21,"column":24},"end":{"line":36,"column":3}},"8":{"start":{"line":22,"column":22},"end":{"line":22,"column":24}},"9":{"start":{"line":23,"column":4},"end":{"line":24,"column":64}},"10":{"start":{"line":24,"column":6},"end":{"line":24,"column":64}},"11":{"start":{"line":25,"column":4},"end":{"line":27,"column":68}},"12":{"start":{"line":26,"column":6},"end":{"line":27,"column":68}},"13":{"start":{"line":28,"column":4},"end":{"line":28,"column":73}},"14":{"start":{"line":28,"column":29},"end":{"line":28,"column":73}},"15":{"start":{"line":29,"column":4},"end":{"line":30,"column":56}},"16":{"start":{"line":30,"column":6},"end":{"line":30,"column":56}},"17":{"start":{"line":31,"column":4},"end":{"line":31,"column":74}},"18":{"start":{"line":31,"column":29},"end":{"line":31,"column":74}},"19":{"start":{"line":32,"column":4},"end":{"line":32,"column":75}},"20":{"start":{"line":32,"column":29},"end":{"line":32,"column":75}},"21":{"start":{"line":33,"column":4},"end":{"line":33,"column":25}},"22":{"start":{"line":35,"column":4},"end":{"line":35,"column":47}},"23":{"start":{"line":38,"column":23},"end":{"line":56,"column":3}},"24":{"start":{"line":39,"column":4},"end":{"line":39,"column":23}},"25":{"start":{"line":40,"column":4},"end":{"line":55,"column":5}},"26":{"start":{"line":41,"column":23},"end":{"line":41,"column":75}},"27":{"start":{"line":42,"column":6},"end":{"line":42,"column":65}},"28":{"start":{"line":44,"column":6},"end":{"line":44,"column":59}},"29":{"start":{"line":46,"column":6},"end":{"line":46,"column":18}},"30":{"start":{"line":47,"column":6},"end":{"line":47,"column":21}},"31":{"start":{"line":48,"column":6},"end":{"line":48,"column":18}},"32":{"start":{"line":49,"column":6},"end":{"line":49,"column":23}},"33":{"start":{"line":50,"column":6},"end":{"line":50,"column":18}},"34":{"start":{"line":51,"column":6},"end":{"line":51,"column":24}},"35":{"start":{"line":52,"column":6},"end":{"line":52,"column":20}},"36":{"start":{"line":54,"column":6},"end":{"line":54,"column":68}},"37":{"start":{"line":59,"column":4},"end":{"line":59,"column":62}},"38":{"start":{"line":61,"column":2},"end":{"line":135,"column":4}},"39":{"start":{"line":88,"column":29},"end":{"line":88,"column":57}},"40":{"start":{"line":96,"column":29},"end":{"line":96,"column":52}},"41":{"start":{"line":103,"column":29},"end":{"line":103,"column":52}},"42":{"start":{"line":110,"column":29},"end":{"line":110,"column":55}},"43":{"start":{"line":117,"column":29},"end":{"line":117,"column":52}},"44":{"start":{"line":124,"column":29},"end":{"line":124,"column":58}}},"fnMap":{"0":{"name":"Form","decl":{"start":{"line":12,"column":9},"end":{"line":12,"column":13}},"loc":{"start":{"line":12,"column":16},"end":{"line":136,"column":1}},"line":12},"1":{"name":"(anonymous_1)","decl":{"start":{"line":21,"column":24},"end":{"line":21,"column":25}},"loc":{"start":{"line":21,"column":30},"end":{"line":36,"column":3}},"line":21},"2":{"name":"(anonymous_2)","decl":{"start":{"line":38,"column":23},"end":{"line":38,"column":24}},"loc":{"start":{"line":38,"column":30},"end":{"line":56,"column":3}},"line":38},"3":{"name":"(anonymous_3)","decl":{"start":{"line":88,"column":22},"end":{"line":88,"column":23}},"loc":{"start":{"line":88,"column":29},"end":{"line":88,"column":57}},"line":88},"4":{"name":"(anonymous_4)","decl":{"start":{"line":96,"column":22},"end":{"line":96,"column":23}},"loc":{"start":{"line":96,"column":29},"end":{"line":96,"column":52}},"line":96},"5":{"name":"(anonymous_5)","decl":{"start":{"line":103,"column":22},"end":{"line":103,"column":23}},"loc":{"start":{"line":103,"column":29},"end":{"line":103,"column":52}},"line":103},"6":{"name":"(anonymous_6)","decl":{"start":{"line":110,"column":22},"end":{"line":110,"column":23}},"loc":{"start":{"line":110,"column":29},"end":{"line":110,"column":55}},"line":110},"7":{"name":"(anonymous_7)","decl":{"start":{"line":117,"column":22},"end":{"line":117,"column":23}},"loc":{"start":{"line":117,"column":29},"end":{"line":117,"column":52}},"line":117},"8":{"name":"(anonymous_8)","decl":{"start":{"line":124,"column":22},"end":{"line":124,"column":23}},"loc":{"start":{"line":124,"column":29},"end":{"line":124,"column":58}},"line":124}},"branchMap":{"0":{"loc":{"start":{"line":23,"column":4},"end":{"line":24,"column":64}},"type":"if","locations":[{"start":{"line":23,"column":4},"end":{"line":24,"column":64}},{"start":{},"end":{}}],"line":23},"1":{"loc":{"start":{"line":25,"column":4},"end":{"line":27,"column":68}},"type":"if","locations":[{"start":{"line":25,"column":4},"end":{"line":27,"column":68}},{"start":{},"end":{}}],"line":25},"2":{"loc":{"start":{"line":28,"column":4},"end":{"line":28,"column":73}},"type":"if","locations":[{"start":{"line":28,"column":4},"end":{"line":28,"column":73}},{"start":{},"end":{}}],"line":28},"3":{"loc":{"start":{"line":29,"column":4},"end":{"line":30,"column":56}},"type":"if","locations":[{"start":{"line":29,"column":4},"end":{"line":30,"column":56}},{"start":{},"end":{}}],"line":29},"4":{"loc":{"start":{"line":31,"column":4},"end":{"line":31,"column":74}},"type":"if","locations":[{"start":{"line":31,"column":4},"end":{"line":31,"column":74}},{"start":{},"end":{}}],"line":31},"5":{"loc":{"start":{"line":32,"column":4},"end":{"line":32,"column":75}},"type":"if","locations":[{"start":{"line":32,"column":4},"end":{"line":32,"column":75}},{"start":{},"end":{}}],"line":32},"6":{"loc":{"start":{"line":40,"column":4},"end":{"line":55,"column":5}},"type":"if","locations":[{"start":{"line":40,"column":4},"end":{"line":55,"column":5}},{"start":{"line":53,"column":11},"end":{"line":55,"column":5}}],"line":40},"7":{"loc":{"start":{"line":59,"column":4},"end":{"line":59,"column":62}},"type":"binary-expr","locations":[{"start":{"line":59,"column":4},"end":{"line":59,"column":8}},{"start":{"line":59,"column":12},"end":{"line":59,"column":19}},{"start":{"line":59,"column":23},"end":{"line":59,"column":27}},{"start":{"line":59,"column":31},"end":{"line":59,"column":40}},{"start":{"line":59,"column":44},"end":{"line":59,"column":48}},{"start":{"line":59,"column":52},"end":{"line":59,"column":62}}],"line":59}},"s":{"0":65,"1":65,"2":65,"3":65,"4":65,"5":65,"6":65,"7":65,"8":8,"9":8,"10":1,"11":8,"12":2,"13":8,"14":1,"15":8,"16":1,"17":8,"18":1,"19":8,"20":1,"21":8,"22":8,"23":65,"24":8,"25":8,"26":1,"27":1,"28":1,"29":1,"30":1,"31":1,"32":1,"33":1,"34":1,"35":1,"36":7,"37":65,"38":65,"39":8,"40":8,"41":8,"42":8,"43":8,"44":8},"f":{"0":65,"1":8,"2":8,"3":8,"4":8,"5":8,"6":8,"7":8,"8":8},"b":{"0":[1,7],"1":[2,6],"2":[1,7],"3":[1,7],"4":[1,7],"5":[1,7],"6":[1,7],"7":[65,55,47,39,31,23]},"_coverageSchema":"1a1c01bbd47fc00a2c39e90264f33305004495a9","hash":"c94aa091bedafa5373c04b73c8839443914be6f8"}
,"/Volumes/ALL/projects/Cours/integration-continue/TP1/src/components/Form/TextField.js": {"path":"/Volumes/ALL/projects/Cours/integration-continue/TP1/src/components/Form/TextField.js","statementMap":{"0":{"start":{"line":4,"column":2},"end":{"line":26,"column":4}}},"fnMap":{"0":{"name":"TextField","decl":{"start":{"line":3,"column":9},"end":{"line":3,"column":18}},"loc":{"start":{"line":3,"column":71},"end":{"line":27,"column":1}},"line":3}},"branchMap":{"0":{"loc":{"start":{"line":9,"column":14},"end":{"line":9,"column":28}},"type":"binary-expr","locations":[{"start":{"line":9,"column":14},"end":{"line":9,"column":18}},{"start":{"line":9,"column":22},"end":{"line":9,"column":28}}],"line":9},"1":{"loc":{"start":{"line":24,"column":7},"end":{"line":24,"column":55}},"type":"binary-expr","locations":[{"start":{"line":24,"column":7},"end":{"line":24,"column":12}},{"start":{"line":24,"column":16},"end":{"line":24,"column":55}}],"line":24}},"s":{"0":390},"f":{"0":390},"b":{"0":[390,325],"1":[390,7]},"_coverageSchema":"1a1c01bbd47fc00a2c39e90264f33305004495a9","hash":"e61698a9564b14f2f9e62599f007e88f1b2a5239"}
,"/Volumes/ALL/projects/Cours/integration-continue/TP1/src/components/Form/utils/validator.js": {"path":"/Volumes/ALL/projects/Cours/integration-continue/TP1/src/components/Form/utils/validator.js","statementMap":{"0":{"start":{"line":7,"column":35},"end":{"line":29,"column":1}},"1":{"start":{"line":8,"column":18},"end":{"line":8,"column":32}},"2":{"start":{"line":9,"column":2},"end":{"line":11,"column":3}},"3":{"start":{"line":10,"column":4},"end":{"line":10,"column":17}},"4":{"start":{"line":13,"column":16},"end":{"line":13,"column":26}},"5":{"start":{"line":14,"column":12},"end":{"line":14,"column":55}},"6":{"start":{"line":15,"column":20},"end":{"line":15,"column":57}},"7":{"start":{"line":17,"column":2},"end":{"line":22,"column":3}},"8":{"start":{"line":21,"column":4},"end":{"line":21,"column":10}},"9":{"start":{"line":24,"column":2},"end":{"line":28,"column":3}},"10":{"start":{"line":25,"column":4},"end":{"line":25,"column":16}},"11":{"start":{"line":27,"column":4},"end":{"line":27,"column":17}},"12":{"start":{"line":38,"column":26},"end":{"line":38,"column":38}},"13":{"start":{"line":39,"column":2},"end":{"line":39,"column":42}},"14":{"start":{"line":50,"column":4},"end":{"line":50,"column":105}},"15":{"start":{"line":51,"column":2},"end":{"line":51,"column":32}},"16":{"start":{"line":55,"column":20},"end":{"line":55,"column":53}},"17":{"start":{"line":56,"column":2},"end":{"line":56,"column":31}}},"fnMap":{"0":{"name":"(anonymous_0)","decl":{"start":{"line":7,"column":35},"end":{"line":7,"column":36}},"loc":{"start":{"line":7,"column":45},"end":{"line":29,"column":1}},"line":7},"1":{"name":"validatePostalCode","decl":{"start":{"line":37,"column":16},"end":{"line":37,"column":34}},"loc":{"start":{"line":37,"column":47},"end":{"line":40,"column":1}},"line":37},"2":{"name":"validateName","decl":{"start":{"line":48,"column":16},"end":{"line":48,"column":28}},"loc":{"start":{"line":48,"column":37},"end":{"line":52,"column":1}},"line":48},"3":{"name":"validateMail","decl":{"start":{"line":54,"column":16},"end":{"line":54,"column":28}},"loc":{"start":{"line":54,"column":36},"end":{"line":57,"column":1}},"line":54}},"branchMap":{"0":{"loc":{"start":{"line":9,"column":2},"end":{"line":11,"column":3}},"type":"if","locations":[{"start":{"line":9,"column":2},"end":{"line":11,"column":3}},{"start":{},"end":{}}],"line":9},"1":{"loc":{"start":{"line":17,"column":2},"end":{"line":22,"column":3}},"type":"if","locations":[{"start":{"line":17,"column":2},"end":{"line":22,"column":3}},{"start":{},"end":{}}],"line":17},"2":{"loc":{"start":{"line":18,"column":4},"end":{"line":19,"column":60}},"type":"binary-expr","locations":[{"start":{"line":18,"column":4},"end":{"line":18,"column":17}},{"start":{"line":19,"column":5},"end":{"line":19,"column":20}},{"start":{"line":19,"column":24},"end":{"line":19,"column":59}}],"line":18},"3":{"loc":{"start":{"line":24,"column":2},"end":{"line":28,"column":3}},"type":"if","locations":[{"start":{"line":24,"column":2},"end":{"line":28,"column":3}},{"start":{"line":26,"column":9},"end":{"line":28,"column":3}}],"line":24}},"s":{"0":2,"1":11,"2":11,"3":1,"4":10,"5":10,"6":10,"7":10,"8":8,"9":10,"10":8,"11":2,"12":15,"13":15,"14":30,"15":30,"16":20,"17":20},"f":{"0":11,"1":15,"2":30,"3":20},"b":{"0":[1,10],"1":[8,2],"2":[10,2,2],"3":[8,2]},"_coverageSchema":"1a1c01bbd47fc00a2c39e90264f33305004495a9","hash":"b1473edba0ac1db764576eb416701ca824e94512"}
}
