TN:
SF:src/App.js
FN:5,App
FN:7,(anonymous_1)
FNF:2
FNH:2
FNDA:4,App
FNDA:1,(anonymous_1)
DA:6,4
DA:7,4
DA:8,1
DA:10,4
LF:4
LH:4
BRF:0
BRH:0
end_of_record
TN:
SF:src/index.js
FNF:0
FNH:0
DA:7,0
DA:8,0
DA:17,0
LF:3
LH:0
BRF:0
BRH:0
end_of_record
TN:
SF:src/module.js
FN:7,calculateAge
FNF:1
FNH:1
FNDA:2,calculateAge
DA:8,2
DA:9,1
DA:11,1
DA:12,1
DA:13,1
LF:5
LH:5
BRDA:8,0,0,1
BRDA:8,0,1,1
BRF:2
BRH:2
end_of_record
TN:
SF:src/reportWebVitals.js
FN:1,(anonymous_0)
FN:3,(anonymous_1)
FNF:2
FNH:0
FNDA:0,(anonymous_0)
FNDA:0,(anonymous_1)
DA:1,0
DA:2,0
DA:3,0
DA:4,0
DA:5,0
DA:6,0
DA:7,0
DA:8,0
LF:8
LH:0
BRDA:2,0,0,0
BRDA:2,0,1,0
BRDA:2,1,0,0
BRDA:2,1,1,0
BRF:4
BRH:0
end_of_record
TN:
SF:src/components/Form/Form.js
FN:12,Form
FN:21,(anonymous_1)
FN:38,(anonymous_2)
FN:88,(anonymous_3)
FN:96,(anonymous_4)
FN:103,(anonymous_5)
FN:110,(anonymous_6)
FN:117,(anonymous_7)
FN:124,(anonymous_8)
FNF:9
FNH:9
FNDA:65,Form
FNDA:8,(anonymous_1)
FNDA:8,(anonymous_2)
FNDA:8,(anonymous_3)
FNDA:8,(anonymous_4)
FNDA:8,(anonymous_5)
FNDA:8,(anonymous_6)
FNDA:8,(anonymous_7)
FNDA:8,(anonymous_8)
DA:13,65
DA:14,65
DA:15,65
DA:16,65
DA:17,65
DA:18,65
DA:19,65
DA:21,65
DA:22,8
DA:23,8
DA:24,1
DA:25,8
DA:26,2
DA:28,8
DA:29,8
DA:30,1
DA:31,8
DA:32,8
DA:33,8
DA:35,8
DA:38,65
DA:39,8
DA:40,8
DA:41,1
DA:42,1
DA:44,1
DA:46,1
DA:47,1
DA:48,1
DA:49,1
DA:50,1
DA:51,1
DA:52,1
DA:54,7
DA:59,65
DA:61,65
DA:88,8
DA:96,8
DA:103,8
DA:110,8
DA:117,8
DA:124,8
LF:42
LH:42
BRDA:23,0,0,1
BRDA:23,0,1,7
BRDA:25,1,0,2
BRDA:25,1,1,6
BRDA:28,2,0,1
BRDA:28,2,1,7
BRDA:29,3,0,1
BRDA:29,3,1,7
BRDA:31,4,0,1
BRDA:31,4,1,7
BRDA:32,5,0,1
BRDA:32,5,1,7
BRDA:40,6,0,1
BRDA:40,6,1,7
BRDA:59,7,0,65
BRDA:59,7,1,55
BRDA:59,7,2,47
BRDA:59,7,3,39
BRDA:59,7,4,31
BRDA:59,7,5,23
BRF:20
BRH:20
end_of_record
TN:
SF:src/components/Form/TextField.js
FN:3,TextField
FNF:1
FNH:1
FNDA:390,TextField
DA:4,390
LF:1
LH:1
BRDA:9,0,0,390
BRDA:9,0,1,325
BRDA:24,1,0,390
BRDA:24,1,1,7
BRF:4
BRH:4
end_of_record
TN:
SF:src/components/Form/utils/validator.js
FN:7,(anonymous_0)
FN:37,validatePostalCode
FN:48,validateName
FN:54,validateMail
FNF:4
FNH:4
FNDA:11,(anonymous_0)
FNDA:15,validatePostalCode
FNDA:30,validateName
FNDA:20,validateMail
DA:7,2
DA:8,11
DA:9,11
DA:10,1
DA:13,10
DA:14,10
DA:15,10
DA:17,10
DA:21,8
DA:24,10
DA:25,8
DA:27,2
DA:38,15
DA:39,15
DA:50,30
DA:51,30
DA:55,20
DA:56,20
LF:18
LH:18
BRDA:9,0,0,1
BRDA:9,0,1,10
BRDA:17,1,0,8
BRDA:17,1,1,2
BRDA:18,2,0,10
BRDA:18,2,1,2
BRDA:18,2,2,2
BRDA:24,3,0,8
BRDA:24,3,1,2
BRF:9
BRH:9
end_of_record
